<?xml version="1.0" encoding="UTF-8"?>
<!-- Generated by org.testng.reporters.JUnitXMLReporter -->
<testsuite ignored="0" hostname="AviNAsh" failures="1" tests="1" name="FirefoxTest" time="0.036" errors="0" timestamp="2025-01-31T12:53:19 IST">
  <testcase classname="testCases.TC_001_AccountRegistrationTest" name="verify_account_registration" time="0.022">
    <failure type="java.lang.NullPointerException" message="Cannot invoke &amp;quot;org.openqa.selenium.SearchContext.findElement(org.openqa.selenium.By)&amp;quot; because &amp;quot;this.searchContext&amp;quot; is null">
      <![CDATA[java.lang.NullPointerException: Cannot invoke "org.openqa.selenium.SearchContext.findElement(org.openqa.selenium.By)" because "this.searchContext" is null
at org.openqa.selenium.support.pagefactory.DefaultElementLocator.findElement(DefaultElementLocator.java:68)
at org.openqa.selenium.support.pagefactory.internal.LocatingElementHandler.invoke(LocatingElementHandler.java:38)
at jdk.proxy2/jdk.proxy2.$Proxy29.click(Unknown Source)
at pageObjects.HomePage.clickMyAccount(HomePage.java:28)
at testCases.TC_001_AccountRegistrationTest.verify_account_registration(TC_001_AccountRegistrationTest.java:16)
at java.base/java.util.ArrayList.forEach(ArrayList.java:1596)
... Removed 25 stack frames]]>
    </failure>
  </testcase> <!-- verify_account_registration -->
</testsuite> <!-- FirefoxTest -->
